C:\CACI_Laptop\DataGrid_demo\DataGrid_Demo\.\Release\DataGrid_Demo.exe
C:\CACI_Laptop\DataGrid_demo\DataGrid_Demo\.\Release\DataGrid_Demo.exe.intermediate.manifest
C:\CACI_LAPTOP\DATAGRID_DEMO\DATAGRID_DEMO\RELEASE\BTNST.OBJ
C:\CACI_Laptop\DataGrid_demo\DataGrid_Demo\Release\cl.command.1.tlog
C:\CACI_Laptop\DataGrid_demo\DataGrid_Demo\Release\CL.read.1.tlog
C:\CACI_Laptop\DataGrid_demo\DataGrid_Demo\Release\CL.write.1.tlog
C:\CACI_LAPTOP\DATAGRID_DEMO\DATAGRID_DEMO\RELEASE\DATACOMBOBOX.OBJ
C:\CACI_LAPTOP\DATAGRID_DEMO\DATAGRID_DEMO\RELEASE\DATAGRID.OBJ
C:\CACI_LAPTOP\DATAGRID_DEMO\DATAGRID_DEMO\RELEASE\DATAGRID_DEMO.EXE
C:\CACI_LAPTOP\DATAGRID_DEMO\DATAGRID_DEMO\RELEASE\DATAGRID_DEMO.EXE.INTERMEDIATE.MANIFEST
C:\CACI_LAPTOP\DATAGRID_DEMO\DATAGRID_DEMO\RELEASE\DATAGRID_DEMO.OBJ
C:\CACI_LAPTOP\DATAGRID_DEMO\DATAGRID_DEMO\RELEASE\DATAGRID_DEMO.PCH
C:\CACI_LAPTOP\DATAGRID_DEMO\DATAGRID_DEMO\RELEASE\DATAGRID_DEMO.RES
C:\CACI_Laptop\DataGrid_demo\DataGrid_Demo\Release\DataGrid_Demo.vcxprojResolveAssemblyReference.cache
C:\CACI_Laptop\DataGrid_demo\DataGrid_Demo\Release\DataGrid_Demo.write.1.tlog
C:\CACI_LAPTOP\DATAGRID_DEMO\DATAGRID_DEMO\RELEASE\DATAGRID_DEMODLG.OBJ
C:\CACI_LAPTOP\DATAGRID_DEMO\DATAGRID_DEMO\RELEASE\DDXFIELDS.OBJ
C:\CACI_LAPTOP\DATAGRID_DEMO\DATAGRID_DEMO\RELEASE\DIALEDIT.OBJ
C:\CACI_LAPTOP\DATAGRID_DEMO\DATAGRID_DEMO\RELEASE\DIALFIND.OBJ
C:\CACI_LAPTOP\DATAGRID_DEMO\DATAGRID_DEMO\RELEASE\EXSTRING.OBJ
C:\CACI_LAPTOP\DATAGRID_DEMO\DATAGRID_DEMO\RELEASE\GRIDCELL.OBJ
C:\CACI_LAPTOP\DATAGRID_DEMO\DATAGRID_DEMO\RELEASE\GRIDCELLBASE.OBJ
C:\CACI_LAPTOP\DATAGRID_DEMO\DATAGRID_DEMO\RELEASE\GRIDCTRL.OBJ
C:\CACI_LAPTOP\DATAGRID_DEMO\DATAGRID_DEMO\RELEASE\GRIDDROPTARGET.OBJ
C:\CACI_LAPTOP\DATAGRID_DEMO\DATAGRID_DEMO\RELEASE\HYPERLINK.OBJ
C:\CACI_LAPTOP\DATAGRID_DEMO\DATAGRID_DEMO\RELEASE\INPLACEEDIT.OBJ
C:\CACI_Laptop\DataGrid_demo\DataGrid_Demo\Release\link.command.1.tlog
C:\CACI_Laptop\DataGrid_demo\DataGrid_Demo\Release\link.read.1.tlog
C:\CACI_Laptop\DataGrid_demo\DataGrid_Demo\Release\link.write.1.tlog
C:\CACI_Laptop\DataGrid_demo\DataGrid_Demo\Release\link-cvtres.read.1.tlog
C:\CACI_Laptop\DataGrid_demo\DataGrid_Demo\Release\link-cvtres.write.1.tlog
C:\CACI_Laptop\DataGrid_demo\DataGrid_Demo\Release\msado15.tlh
C:\CACI_Laptop\DataGrid_demo\DataGrid_Demo\Release\msado15.tli
C:\CACI_Laptop\DataGrid_demo\DataGrid_Demo\Release\mt.command.1.tlog
C:\CACI_Laptop\DataGrid_demo\DataGrid_Demo\Release\mt.read.1.tlog
C:\CACI_Laptop\DataGrid_demo\DataGrid_Demo\Release\mt.write.1.tlog
C:\CACI_Laptop\DataGrid_demo\DataGrid_Demo\Release\rc.command.1.tlog
C:\CACI_Laptop\DataGrid_demo\DataGrid_Demo\Release\rc.read.1.tlog
C:\CACI_Laptop\DataGrid_demo\DataGrid_Demo\Release\rc.write.1.tlog
C:\CACI_LAPTOP\DATAGRID_DEMO\DATAGRID_DEMO\RELEASE\STDAFX.OBJ
C:\CACI_LAPTOP\DATAGRID_DEMO\DATAGRID_DEMO\RELEASE\TITLETIP.OBJ
C:\CACI_LAPTOP\DATAGRID_DEMO\DATAGRID_DEMO\RELEASE\VC100.PDB
