Build started 7/16/2019 1:17:18 PM.
     1>Project "C:\CACI_Laptop\DataGrid_demo\DataGrid_Demo\DataGrid_Demo.vcxproj" on node 2 (build target(s)).
     1>InitializeBuildStatus:
         Creating ".\Release\DataGrid_Demo.unsuccessfulbuild" because "AlwaysCreate" was specified.
       ClCompile:
         All outputs are up-to-date.
         All outputs are up-to-date.
       ResourceCompile:
         All outputs are up-to-date.
       Link:
         All outputs are up-to-date.
         DataGrid_Demo.vcxproj -> C:\CACI_Laptop\DataGrid_demo\DataGrid_Demo\.\Release\DataGrid_Demo.exe
       Manifest:
         All outputs are up-to-date.
       FinalizeBuildStatus:
         Deleting file ".\Release\DataGrid_Demo.unsuccessfulbuild".
         Touching ".\Release\DataGrid_Demo.lastbuildstate".
     1>Done Building Project "C:\CACI_Laptop\DataGrid_demo\DataGrid_Demo\DataGrid_Demo.vcxproj" (build target(s)).

Build succeeded.

Time Elapsed 00:00:00.10
