.\Debug\DataGrid_Demo.ilk
.\Debug\DataGrid_Demo.pdb
C:\CACI_Laptop\DataGrid_demo\DataGrid_Demo\.\Debug\DataGrid_Demo.exe
C:\CACI_Laptop\DataGrid_demo\DataGrid_Demo\.\Debug\DataGrid_Demo.exe.intermediate.manifest
C:\CACI_LAPTOP\DATAGRID_DEMO\DATAGRID_DEMO\DEBUG\BTNST.OBJ
C:\CACI_Laptop\DataGrid_demo\DataGrid_Demo\Debug\cl.command.1.tlog
C:\CACI_Laptop\DataGrid_demo\DataGrid_Demo\Debug\CL.read.1.tlog
C:\CACI_Laptop\DataGrid_demo\DataGrid_Demo\Debug\CL.write.1.tlog
C:\CACI_LAPTOP\DATAGRID_DEMO\DATAGRID_DEMO\DEBUG\DATACOMBOBOX.OBJ
C:\CACI_LAPTOP\DATAGRID_DEMO\DATAGRID_DEMO\DEBUG\DATAGRID.OBJ
C:\CACI_LAPTOP\DATAGRID_DEMO\DATAGRID_DEMO\DEBUG\DATAGRID_DEMO.EXE
C:\CACI_LAPTOP\DATAGRID_DEMO\DATAGRID_DEMO\DEBUG\DATAGRID_DEMO.EXE.EMBED.MANIFEST
C:\CACI_LAPTOP\DATAGRID_DEMO\DATAGRID_DEMO\DEBUG\DATAGRID_DEMO.EXE.EMBED.MANIFEST.RES
C:\CACI_LAPTOP\DATAGRID_DEMO\DATAGRID_DEMO\DEBUG\DATAGRID_DEMO.EXE.INTERMEDIATE.MANIFEST
C:\CACI_LAPTOP\DATAGRID_DEMO\DATAGRID_DEMO\DEBUG\DATAGRID_DEMO.ILK
C:\CACI_LAPTOP\DATAGRID_DEMO\DATAGRID_DEMO\DEBUG\DATAGRID_DEMO.OBJ
C:\CACI_LAPTOP\DATAGRID_DEMO\DATAGRID_DEMO\DEBUG\DATAGRID_DEMO.PCH
C:\CACI_LAPTOP\DATAGRID_DEMO\DATAGRID_DEMO\DEBUG\DATAGRID_DEMO.PDB
C:\CACI_LAPTOP\DATAGRID_DEMO\DATAGRID_DEMO\DEBUG\DATAGRID_DEMO.RES
C:\CACI_Laptop\DataGrid_demo\DataGrid_Demo\Debug\DataGrid_Demo.write.1.tlog
C:\CACI_Laptop\DataGrid_demo\DataGrid_Demo\Debug\DataGrid_Demo_manifest.rc
C:\CACI_LAPTOP\DATAGRID_DEMO\DATAGRID_DEMO\DEBUG\DATAGRID_DEMODLG.OBJ
C:\CACI_LAPTOP\DATAGRID_DEMO\DATAGRID_DEMO\DEBUG\DDXFIELDS.OBJ
C:\CACI_LAPTOP\DATAGRID_DEMO\DATAGRID_DEMO\DEBUG\DIALEDIT.OBJ
C:\CACI_LAPTOP\DATAGRID_DEMO\DATAGRID_DEMO\DEBUG\DIALFIND.OBJ
C:\CACI_LAPTOP\DATAGRID_DEMO\DATAGRID_DEMO\DEBUG\EXSTRING.OBJ
C:\CACI_LAPTOP\DATAGRID_DEMO\DATAGRID_DEMO\DEBUG\GRIDCELL.OBJ
C:\CACI_LAPTOP\DATAGRID_DEMO\DATAGRID_DEMO\DEBUG\GRIDCELLBASE.OBJ
C:\CACI_LAPTOP\DATAGRID_DEMO\DATAGRID_DEMO\DEBUG\GRIDCTRL.OBJ
C:\CACI_LAPTOP\DATAGRID_DEMO\DATAGRID_DEMO\DEBUG\GRIDDROPTARGET.OBJ
C:\CACI_LAPTOP\DATAGRID_DEMO\DATAGRID_DEMO\DEBUG\HYPERLINK.OBJ
C:\CACI_LAPTOP\DATAGRID_DEMO\DATAGRID_DEMO\DEBUG\INPLACEEDIT.OBJ
C:\CACI_Laptop\DataGrid_demo\DataGrid_Demo\Debug\link.command.1.tlog
C:\CACI_Laptop\DataGrid_demo\DataGrid_Demo\Debug\link.read.1.tlog
C:\CACI_Laptop\DataGrid_demo\DataGrid_Demo\Debug\link.write.1.tlog
C:\CACI_Laptop\DataGrid_demo\DataGrid_Demo\Debug\link-cvtres.read.1.tlog
C:\CACI_Laptop\DataGrid_demo\DataGrid_Demo\Debug\link-cvtres.write.1.tlog
C:\CACI_Laptop\DataGrid_demo\DataGrid_Demo\Debug\msado15.tlh
C:\CACI_Laptop\DataGrid_demo\DataGrid_Demo\Debug\msado15.tli
C:\CACI_Laptop\DataGrid_demo\DataGrid_Demo\Debug\mt.command.1.tlog
C:\CACI_Laptop\DataGrid_demo\DataGrid_Demo\Debug\mt.read.1.tlog
C:\CACI_Laptop\DataGrid_demo\DataGrid_Demo\Debug\mt.write.1.tlog
C:\CACI_Laptop\DataGrid_demo\DataGrid_Demo\Debug\rc.command.1.tlog
C:\CACI_Laptop\DataGrid_demo\DataGrid_Demo\Debug\rc.read.1.tlog
C:\CACI_Laptop\DataGrid_demo\DataGrid_Demo\Debug\rc.write.1.tlog
C:\CACI_LAPTOP\DATAGRID_DEMO\DATAGRID_DEMO\DEBUG\STDAFX.OBJ
C:\CACI_LAPTOP\DATAGRID_DEMO\DATAGRID_DEMO\DEBUG\TITLETIP.OBJ
C:\CACI_Laptop\DataGrid_demo\DataGrid_Demo\Debug\vc100.idb
C:\CACI_LAPTOP\DATAGRID_DEMO\DATAGRID_DEMO\DEBUG\VC100.PDB
