Build started 7/18/2019 10:18:59 AM.
     1>Project "C:\CACI_Laptop\DataGrid_demo\DataGrid_Demo\DataGrid_Demo.vcxproj" on node 2 (build target(s)).
     1>InitializeBuildStatus:
         Creating ".\Debug\DataGrid_Demo.unsuccessfulbuild" because "AlwaysCreate" was specified.
       ClCompile:
         All outputs are up-to-date.
         All outputs are up-to-date.
       ResourceCompile:
         All outputs are up-to-date.
       ManifestResourceCompile:
         All outputs are up-to-date.
       Link:
         All outputs are up-to-date.
       Manifest:
         All outputs are up-to-date.
         All outputs are up-to-date.
       FinalizeBuildStatus:
         Deleting file ".\Debug\DataGrid_Demo.unsuccessfulbuild".
         Touching ".\Debug\DataGrid_Demo.lastbuildstate".
     1>Done Building Project "C:\CACI_Laptop\DataGrid_demo\DataGrid_Demo\DataGrid_Demo.vcxproj" (build target(s)).

Build succeeded.

Time Elapsed 00:00:00.07
