Build started 7/16/2019 12:05:28 PM.
     1>Project "C:\CACI_Laptop\DataGrid_demo\DataGrid_Demo\ResizableLib\ResizableLib.vcxproj" on node 2 (build target(s)).
     1>InitializeBuildStatus:
         Creating ".\Release\ResizableLib.unsuccessfulbuild" because "AlwaysCreate" was specified.
       ClCompile:
         c:\Program Files (x86)\Microsoft Visual Studio 10.0\VC\bin\CL.exe /c /Zi /nologo /W4 /WX- /O2 /Ob1 /Oy- /D WIN32 /D NDEBUG /D _WINDOWS /D _VC80_UPGRADE=0x0600 /D _MBCS /D _AFXDLL /GF /Gm- /EHsc /MD /GS /Gy /fp:precise /Zc:wchar_t /Zc:forScope /Yc"stdafx.h" /Fp".\Release\ResizableLib.pch" /Fo".\Release\\" /Fd".\Release\vc100.pdb" /Gd /TP /analyze- /errorReport:prompt StdAfx.cpp
         StdAfx.cpp
         _WIN32_WINNT not defined. Defaulting to _WIN32_WINNT_MAXVER (see WinSDKVer.h)
         c:\Program Files (x86)\Microsoft Visual Studio 10.0\VC\bin\CL.exe /c /Zi /nologo /W4 /WX- /O2 /Ob1 /Oy- /D WIN32 /D NDEBUG /D _WINDOWS /D _VC80_UPGRADE=0x0600 /D _MBCS /D _AFXDLL /GF /Gm- /EHsc /MD /GS /Gy /fp:precise /Zc:wchar_t /Zc:forScope /Yu"stdafx.h" /Fp".\Release\ResizableLib.pch" /Fo".\Release\\" /Fd".\Release\vc100.pdb" /Gd /TP /analyze- /errorReport:prompt ResizableDialog.cpp ResizableFormView.cpp ResizableGrip.cpp ResizableLayout.cpp ResizableMinMax.cpp ResizablePage.cpp ResizablePageEx.cpp ResizableSheet.cpp ResizableSheetEx.cpp ResizableState.cpp
         ResizableDialog.cpp
         ResizableFormView.cpp
         ResizableGrip.cpp
         ResizableLayout.cpp
     1>ResizableLayout.cpp(30): warning C4005: 'BS_TYPEMASK' : macro redefinition
                 c:\Program Files (x86)\Microsoft SDKs\Windows\v7.0A\include\winuser.h(9459) : see previous definition of 'BS_TYPEMASK'
         ResizableMinMax.cpp
         ResizablePage.cpp
         ResizablePageEx.cpp
         ResizableSheet.cpp
         ResizableSheetEx.cpp
         ResizableState.cpp
     1>ResizableState.cpp(96): warning C4996: 'sscanf': This function or variable may be unsafe. Consider using sscanf_s instead. To disable deprecation, use _CRT_SECURE_NO_WARNINGS. See online help for details.
                 c:\Program Files (x86)\Microsoft Visual Studio 10.0\VC\include\stdio.h(325) : see declaration of 'sscanf'
         Generating Code...
       Lib:
         c:\Program Files (x86)\Microsoft Visual Studio 10.0\VC\bin\Lib.exe /OUT:".\Release\ResizableLib.lib" /NOLOGO .\Release\ResizableDialog.obj
         .\Release\ResizableFormView.obj
         .\Release\ResizableGrip.obj
         .\Release\ResizableLayout.obj
         .\Release\ResizableMinMax.obj
         .\Release\ResizablePage.obj
         .\Release\ResizablePageEx.obj
         .\Release\ResizableSheet.obj
         .\Release\ResizableSheetEx.obj
         .\Release\ResizableState.obj
         .\Release\StdAfx.obj
         ResizableLib.vcxproj -> C:\CACI_Laptop\DataGrid_demo\DataGrid_Demo\ResizableLib\.\Release\ResizableLib.lib
       FinalizeBuildStatus:
         Deleting file ".\Release\ResizableLib.unsuccessfulbuild".
         Touching ".\Release\ResizableLib.lastbuildstate".
     1>Done Building Project "C:\CACI_Laptop\DataGrid_demo\DataGrid_Demo\ResizableLib\ResizableLib.vcxproj" (build target(s)).

Build succeeded.

Time Elapsed 00:00:03.78
