C:\CACI_Laptop\DataGrid_demo\DataGrid_Demo\ResizableLib\.\Debug\ResizableLib.lib
C:\CACI_Laptop\DataGrid_demo\DataGrid_Demo\ResizableLib\Debug\cl.command.1.tlog
C:\CACI_Laptop\DataGrid_demo\DataGrid_Demo\ResizableLib\Debug\CL.read.1.tlog
C:\CACI_Laptop\DataGrid_demo\DataGrid_Demo\ResizableLib\Debug\CL.write.1.tlog
C:\CACI_Laptop\DataGrid_demo\DataGrid_Demo\ResizableLib\Debug\lib.command.1.tlog
C:\CACI_Laptop\DataGrid_demo\DataGrid_Demo\ResizableLib\Debug\Lib.read.1.tlog
C:\CACI_Laptop\DataGrid_demo\DataGrid_Demo\ResizableLib\Debug\Lib-link.read.1.tlog
C:\CACI_Laptop\DataGrid_demo\DataGrid_Demo\ResizableLib\Debug\Lib-link.write.1.tlog
C:\CACI_LAPTOP\DATAGRID_DEMO\DATAGRID_DEMO\RESIZABLELIB\DEBUG\RESIZABLEDIALOG.OBJ
C:\CACI_LAPTOP\DATAGRID_DEMO\DATAGRID_DEMO\RESIZABLELIB\DEBUG\RESIZABLEFORMVIEW.OBJ
C:\CACI_LAPTOP\DATAGRID_DEMO\DATAGRID_DEMO\RESIZABLELIB\DEBUG\RESIZABLEGRIP.OBJ
C:\CACI_LAPTOP\DATAGRID_DEMO\DATAGRID_DEMO\RESIZABLELIB\DEBUG\RESIZABLELAYOUT.OBJ
C:\CACI_LAPTOP\DATAGRID_DEMO\DATAGRID_DEMO\RESIZABLELIB\DEBUG\RESIZABLELIB.LIB
C:\CACI_LAPTOP\DATAGRID_DEMO\DATAGRID_DEMO\RESIZABLELIB\DEBUG\RESIZABLELIB.PCH
C:\CACI_Laptop\DataGrid_demo\DataGrid_Demo\ResizableLib\Debug\ResizableLib.write.1.tlog
C:\CACI_LAPTOP\DATAGRID_DEMO\DATAGRID_DEMO\RESIZABLELIB\DEBUG\RESIZABLEMINMAX.OBJ
C:\CACI_LAPTOP\DATAGRID_DEMO\DATAGRID_DEMO\RESIZABLELIB\DEBUG\RESIZABLEPAGE.OBJ
C:\CACI_LAPTOP\DATAGRID_DEMO\DATAGRID_DEMO\RESIZABLELIB\DEBUG\RESIZABLEPAGEEX.OBJ
C:\CACI_LAPTOP\DATAGRID_DEMO\DATAGRID_DEMO\RESIZABLELIB\DEBUG\RESIZABLESHEET.OBJ
C:\CACI_LAPTOP\DATAGRID_DEMO\DATAGRID_DEMO\RESIZABLELIB\DEBUG\RESIZABLESHEETEX.OBJ
C:\CACI_LAPTOP\DATAGRID_DEMO\DATAGRID_DEMO\RESIZABLELIB\DEBUG\RESIZABLESTATE.OBJ
C:\CACI_LAPTOP\DATAGRID_DEMO\DATAGRID_DEMO\RESIZABLELIB\DEBUG\STDAFX.OBJ
C:\CACI_Laptop\DataGrid_demo\DataGrid_Demo\ResizableLib\Debug\vc100.idb
C:\CACI_LAPTOP\DATAGRID_DEMO\DATAGRID_DEMO\RESIZABLELIB\DEBUG\VC100.PDB
